<?xml version="1.0" encoding="UTF-8"?>
<!-- Generated by org.testng.reporters.JUnitReportReporter -->
<testsuite hostname="acer-PC" name="com.orangeHRM.orangeHRM.TestExecution" tests="1" failures="0" timestamp="27 Aug 2016 06:34:22 GMT" time="4.072" errors="0">
  <testcase name="verifyLoginAsAdmin" time="4.072" classname="com.orangeHRM.orangeHRM.TestExecution"/>
</testsuite> <!-- com.orangeHRM.orangeHRM.TestExecution -->
